# UVM_INFO verilog_src/uvm-1.2/src/base/uvm_objection.svh(1270) @ 560: reporter [TEST_DONE] 'run' phase is ready to proceed to the 'extract' phase
# UVM_INFO sr_coverage.sv(51) @ 560: uvm_test_top.env_h.coverage_h [sr_coverage] Coverage is 100.000000
# UVM_INFO sr_scoreboard.sv(112) @ 560: uvm_test_top.env_h.scoreboard_h [PASSED] *** TEST PASSED - 109 vectors ran, 109 vectors passed ***

# start_of_simulation_phase
# UVM_INFO sr_scoreboard.sv(77) @ 5: uvm_test_top.env_h.scoreboard_h [write_mon OUT ]  s=0  r=0 ||  q=x qbar=x
# UVM_INFO sr_scoreboard.sv(45) @ 5: uvm_test_top.env_h.scoreboard_h [write_drv STIM]  s=0  r=1
# UVM_INFO sr_scoreboard.sv(77) @ 10: uvm_test_top.env_h.scoreboard_h [write_mon OUT ]  s=0  r=1 ||  q=0 qbar=1
# UVM_INFO sr_scoreboard.sv(45) @ 10: uvm_test_top.env_h.scoreboard_h [write_drv STIM]  s=0  r=0
# UVM_INFO sr_scoreboard.sv(94) @ 10: uvm_test_top.env_h.scoreboard_h [
#  [ PASS ]  s=0  r=1 ||  q=0 qbar=1
# UVM_INFO sr_scoreboard.sv(77) @ 15: uvm_test_top.env_h.scoreboard_h [write_mon OUT ]  s=0  r=0 ||  q=0 qbar=1
# UVM_INFO sr_scoreboard.sv(45) @ 15: uvm_test_top.env_h.scoreboard_h [write_drv STIM]  s=0  r=0
# UVM_INFO sr_scoreboard.sv(94) @ 15: uvm_test_top.env_h.scoreboard_h [
#  [ PASS ]  s=0  r=0 ||  q=0 qbar=1
# UVM_INFO sr_scoreboard.sv(77) @ 20: uvm_test_top.env_h.scoreboard_h [write_mon OUT ]  s=0  r=0 ||  q=0 qbar=1
# UVM_INFO sr_scoreboard.sv(45) @ 20: uvm_test_top.env_h.scoreboard_h [write_drv STIM]  s=0  r=1
# UVM_INFO sr_scoreboard.sv(94) @ 20: uvm_test_top.env_h.scoreboard_h [
#  [ PASS ]  s=0  r=0 ||  q=0 qbar=1
# UVM_INFO sr_scoreboard.sv(77) @ 25: uvm_test_top.env_h.scoreboard_h [write_mon OUT ]  s=0  r=1 ||  q=0 qbar=1
# UVM_INFO sr_scoreboard.sv(45) @ 25: uvm_test_top.env_h.scoreboard_h [write_drv STIM]  s=1  r=1
# UVM_INFO sr_scoreboard.sv(94) @ 25: uvm_test_top.env_h.scoreboard_h [
#  [ PASS ]  s=0  r=1 ||  q=0 qbar=1
# UVM_INFO sr_scoreboard.sv(77) @ 30: uvm_test_top.env_h.scoreboard_h [write_mon OUT ]  s=1  r=1 ||  q=x qbar=x
# UVM_INFO sr_scoreboard.sv(45) @ 30: uvm_test_top.env_h.scoreboard_h [write_drv STIM]  s=1  r=1
# UVM_INFO sr_scoreboard.sv(94) @ 30: uvm_test_top.env_h.scoreboard_h [
#  [ PASS ]  s=1  r=1 ||  q=x qbar=x
# UVM_INFO sr_scoreboard.sv(77) @ 35: uvm_test_top.env_h.scoreboard_h [write_mon OUT ]  s=1  r=1 ||  q=x qbar=x
# UVM_INFO sr_scoreboard.sv(45) @ 35: uvm_test_top.env_h.scoreboard_h [write_drv STIM]  s=0  r=1
# UVM_INFO sr_scoreboard.sv(94) @ 35: uvm_test_top.env_h.scoreboard_h [
#  [ PASS ]  s=1  r=1 ||  q=x qbar=x
# UVM_INFO sr_scoreboard.sv(77) @ 40: uvm_test_top.env_h.scoreboard_h [write_mon OUT ]  s=0  r=1 ||  q=0 qbar=1
# UVM_INFO sr_scoreboard.sv(45) @ 40: uvm_test_top.env_h.scoreboard_h [write_drv STIM]  s=0  r=0
# UVM_INFO sr_scoreboard.sv(94) @ 40: uvm_test_top.env_h.scoreboard_h [
#  [ PASS ]  s=0  r=1 ||  q=0 qbar=1
# UVM_INFO sr_scoreboard.sv(77) @ 45: uvm_test_top.env_h.scoreboard_h [write_mon OUT ]  s=0  r=0 ||  q=0 qbar=1
# UVM_INFO sr_scoreboard.sv(45) @ 45: uvm_test_top.env_h.scoreboard_h [write_drv STIM]  s=1  r=1
# UVM_INFO sr_scoreboard.sv(94) @ 45: uvm_test_top.env_h.scoreboard_h [
#  [ PASS ]  s=0  r=0 ||  q=0 qbar=1
# UVM_INFO sr_scoreboard.sv(77) @ 50: uvm_test_top.env_h.scoreboard_h [write_mon OUT ]  s=1  r=1 ||  q=x qbar=x
# UVM_INFO sr_scoreboard.sv(45) @ 50: uvm_test_top.env_h.scoreboard_h [write_drv STIM]  s=1  r=1
# UVM_INFO sr_scoreboard.sv(94) @ 50: uvm_test_top.env_h.scoreboard_h [
#  [ PASS ]  s=1  r=1 ||  q=x qbar=x
# UVM_INFO sr_scoreboard.sv(77) @ 55: uvm_test_top.env_h.scoreboard_h [write_mon OUT ]  s=1  r=1 ||  q=x qbar=x
# UVM_INFO sr_scoreboard.sv(45) @ 55: uvm_test_top.env_h.scoreboard_h [write_drv STIM]  s=1  r=0
# UVM_INFO sr_scoreboard.sv(94) @ 55: uvm_test_top.env_h.scoreboard_h [
#  [ PASS ]  s=1  r=1 ||  q=x qbar=x
# UVM_INFO sr_scoreboard.sv(77) @ 60: uvm_test_top.env_h.scoreboard_h [write_mon OUT ]  s=1  r=0 ||  q=1 qbar=0
# UVM_INFO sr_scoreboard.sv(45) @ 60: uvm_test_top.env_h.scoreboard_h [write_drv STIM]  s=0  r=1
# UVM_INFO sr_scoreboard.sv(94) @ 60: uvm_test_top.env_h.scoreboard_h [
#  [ PASS ]  s=1  r=0 ||  q=1 qbar=0
# UVM_INFO sr_scoreboard.sv(77) @ 65: uvm_test_top.env_h.scoreboard_h [write_mon OUT ]  s=0  r=1 ||  q=0 qbar=1
# UVM_INFO sr_scoreboard.sv(45) @ 65: uvm_test_top.env_h.scoreboard_h [write_drv STIM]  s=1  r=0
# UVM_INFO sr_scoreboard.sv(94) @ 65: uvm_test_top.env_h.scoreboard_h [
#  [ PASS ]  s=0  r=1 ||  q=0 qbar=1
# UVM_INFO sr_scoreboard.sv(77) @ 70: uvm_test_top.env_h.scoreboard_h [write_mon OUT ]  s=1  r=0 ||  q=1 qbar=0
# UVM_INFO sr_scoreboard.sv(45) @ 70: uvm_test_top.env_h.scoreboard_h [write_drv STIM]  s=0  r=0
# UVM_INFO sr_scoreboard.sv(94) @ 70: uvm_test_top.env_h.scoreboard_h [
#  [ PASS ]  s=1  r=0 ||  q=1 qbar=0
# UVM_INFO sr_scoreboard.sv(77) @ 75: uvm_test_top.env_h.scoreboard_h [write_mon OUT ]  s=0  r=0 ||  q=1 qbar=0
# UVM_INFO sr_scoreboard.sv(45) @ 75: uvm_test_top.env_h.scoreboard_h [write_drv STIM]  s=0  r=1
# UVM_INFO sr_scoreboard.sv(94) @ 75: uvm_test_top.env_h.scoreboard_h [
#  [ PASS ]  s=0  r=0 ||  q=1 qbar=0
# UVM_INFO sr_scoreboard.sv(77) @ 80: uvm_test_top.env_h.scoreboard_h [write_mon OUT ]  s=0  r=1 ||  q=0 qbar=1
# UVM_INFO sr_scoreboard.sv(45) @ 80: uvm_test_top.env_h.scoreboard_h [write_drv STIM]  s=1  r=1
# UVM_INFO sr_scoreboard.sv(94) @ 80: uvm_test_top.env_h.scoreboard_h [
#  [ PASS ]  s=0  r=1 ||  q=0 qbar=1
# UVM_INFO sr_scoreboard.sv(77) @ 85: uvm_test_top.env_h.scoreboard_h [write_mon OUT ]  s=1  r=1 ||  q=x qbar=x
# UVM_INFO sr_scoreboard.sv(45) @ 85: uvm_test_top.env_h.scoreboard_h [write_drv STIM]  s=0  r=1
# UVM_INFO sr_scoreboard.sv(94) @ 85: uvm_test_top.env_h.scoreboard_h [
#  [ PASS ]  s=1  r=1 ||  q=x qbar=x
# UVM_INFO sr_scoreboard.sv(77) @ 90: uvm_test_top.env_h.scoreboard_h [write_mon OUT ]  s=0  r=1 ||  q=0 qbar=1
# UVM_INFO sr_scoreboard.sv(45) @ 90: uvm_test_top.env_h.scoreboard_h [write_drv STIM]  s=1  r=1
# UVM_INFO sr_scoreboard.sv(94) @ 90: uvm_test_top.env_h.scoreboard_h [
#  [ PASS ]  s=0  r=1 ||  q=0 qbar=1
# UVM_INFO sr_scoreboard.sv(77) @ 95: uvm_test_top.env_h.scoreboard_h [write_mon OUT ]  s=1  r=1 ||  q=x qbar=x
# UVM_INFO sr_scoreboard.sv(45) @ 95: uvm_test_top.env_h.scoreboard_h [write_drv STIM]  s=0  r=0
# UVM_INFO sr_scoreboard.sv(94) @ 95: uvm_test_top.env_h.scoreboard_h [
#  [ PASS ]  s=1  r=1 ||  q=x qbar=x
# UVM_INFO sr_scoreboard.sv(77) @ 100: uvm_test_top.env_h.scoreboard_h [write_mon OUT ]  s=0  r=0 ||  q=x qbar=x
# UVM_INFO sr_scoreboard.sv(45) @ 100: uvm_test_top.env_h.scoreboard_h [write_drv STIM]  s=0  r=0
# UVM_INFO sr_scoreboard.sv(94) @ 100: uvm_test_top.env_h.scoreboard_h [
#  [ PASS ]  s=0  r=0 ||  q=x qbar=x
# UVM_INFO sr_scoreboard.sv(77) @ 105: uvm_test_top.env_h.scoreboard_h [write_mon OUT ]  s=0  r=0 ||  q=x qbar=x
# UVM_INFO sr_scoreboard.sv(45) @ 105: uvm_test_top.env_h.scoreboard_h [write_drv STIM]  s=1  r=0
# UVM_INFO sr_scoreboard.sv(94) @ 105: uvm_test_top.env_h.scoreboard_h [
#  [ PASS ]  s=0  r=0 ||  q=x qbar=x
# UVM_INFO sr_scoreboard.sv(77) @ 110: uvm_test_top.env_h.scoreboard_h [write_mon OUT ]  s=1  r=0 ||  q=1 qbar=0
# UVM_INFO sr_scoreboard.sv(45) @ 110: uvm_test_top.env_h.scoreboard_h [write_drv STIM]  s=0  r=0
# UVM_INFO sr_scoreboard.sv(94) @ 110: uvm_test_top.env_h.scoreboard_h [
#  [ PASS ]  s=1  r=0 ||  q=1 qbar=0
# UVM_INFO sr_scoreboard.sv(77) @ 115: uvm_test_top.env_h.scoreboard_h [write_mon OUT ]  s=0  r=0 ||  q=1 qbar=0
# UVM_INFO sr_scoreboard.sv(45) @ 115: uvm_test_top.env_h.scoreboard_h [write_drv STIM]  s=0  r=0
# UVM_INFO sr_scoreboard.sv(94) @ 115: uvm_test_top.env_h.scoreboard_h [
#  [ PASS ]  s=0  r=0 ||  q=1 qbar=0
# UVM_INFO sr_scoreboard.sv(77) @ 120: uvm_test_top.env_h.scoreboard_h [write_mon OUT ]  s=0  r=0 ||  q=1 qbar=0
# UVM_INFO sr_scoreboard.sv(45) @ 120: uvm_test_top.env_h.scoreboard_h [write_drv STIM]  s=0  r=1
# UVM_INFO sr_scoreboard.sv(94) @ 120: uvm_test_top.env_h.scoreboard_h [
#  [ PASS ]  s=0  r=0 ||  q=1 qbar=0
# UVM_INFO sr_scoreboard.sv(77) @ 125: uvm_test_top.env_h.scoreboard_h [write_mon OUT ]  s=0  r=1 ||  q=0 qbar=1
# UVM_INFO sr_scoreboard.sv(45) @ 125: uvm_test_top.env_h.scoreboard_h [write_drv STIM]  s=0  r=0
# UVM_INFO sr_scoreboard.sv(94) @ 125: uvm_test_top.env_h.scoreboard_h [
#  [ PASS ]  s=0  r=1 ||  q=0 qbar=1
# UVM_INFO sr_scoreboard.sv(77) @ 130: uvm_test_top.env_h.scoreboard_h [write_mon OUT ]  s=0  r=0 ||  q=0 qbar=1
# UVM_INFO sr_scoreboard.sv(45) @ 130: uvm_test_top.env_h.scoreboard_h [write_drv STIM]  s=1  r=1
# UVM_INFO sr_scoreboard.sv(94) @ 130: uvm_test_top.env_h.scoreboard_h [
#  [ PASS ]  s=0  r=0 ||  q=0 qbar=1
# UVM_INFO sr_scoreboard.sv(77) @ 135: uvm_test_top.env_h.scoreboard_h [write_mon OUT ]  s=1  r=1 ||  q=x qbar=x
# UVM_INFO sr_scoreboard.sv(45) @ 135: uvm_test_top.env_h.scoreboard_h [write_drv STIM]  s=0  r=1
# UVM_INFO sr_scoreboard.sv(94) @ 135: uvm_test_top.env_h.scoreboard_h [
#  [ PASS ]  s=1  r=1 ||  q=x qbar=x
# UVM_INFO sr_scoreboard.sv(77) @ 140: uvm_test_top.env_h.scoreboard_h [write_mon OUT ]  s=0  r=1 ||  q=0 qbar=1
# UVM_INFO sr_scoreboard.sv(45) @ 140: uvm_test_top.env_h.scoreboard_h [write_drv STIM]  s=0  r=1
# UVM_INFO sr_scoreboard.sv(94) @ 140: uvm_test_top.env_h.scoreboard_h [
#  [ PASS ]  s=0  r=1 ||  q=0 qbar=1
# UVM_INFO sr_scoreboard.sv(77) @ 145: uvm_test_top.env_h.scoreboard_h [write_mon OUT ]  s=0  r=1 ||  q=0 qbar=1
# UVM_INFO sr_scoreboard.sv(45) @ 145: uvm_test_top.env_h.scoreboard_h [write_drv STIM]  s=0  r=1
# UVM_INFO sr_scoreboard.sv(94) @ 145: uvm_test_top.env_h.scoreboard_h [
#  [ PASS ]  s=0  r=1 ||  q=0 qbar=1
# UVM_INFO sr_scoreboard.sv(77) @ 150: uvm_test_top.env_h.scoreboard_h [write_mon OUT ]  s=0  r=1 ||  q=0 qbar=1
# UVM_INFO sr_scoreboard.sv(45) @ 150: uvm_test_top.env_h.scoreboard_h [write_drv STIM]  s=0  r=1
# UVM_INFO sr_scoreboard.sv(94) @ 150: uvm_test_top.env_h.scoreboard_h [
#  [ PASS ]  s=0  r=1 ||  q=0 qbar=1
# UVM_INFO sr_scoreboard.sv(77) @ 155: uvm_test_top.env_h.scoreboard_h [write_mon OUT ]  s=0  r=1 ||  q=0 qbar=1
# UVM_INFO sr_scoreboard.sv(45) @ 155: uvm_test_top.env_h.scoreboard_h [write_drv STIM]  s=0  r=0
# UVM_INFO sr_scoreboard.sv(94) @ 155: uvm_test_top.env_h.scoreboard_h [
#  [ PASS ]  s=0  r=1 ||  q=0 qbar=1
# UVM_INFO sr_scoreboard.sv(77) @ 160: uvm_test_top.env_h.scoreboard_h [write_mon OUT ]  s=0  r=0 ||  q=0 qbar=1
# UVM_INFO sr_scoreboard.sv(45) @ 160: uvm_test_top.env_h.scoreboard_h [write_drv STIM]  s=1  r=0
# UVM_INFO sr_scoreboard.sv(94) @ 160: uvm_test_top.env_h.scoreboard_h [
#  [ PASS ]  s=0  r=0 ||  q=0 qbar=1
# UVM_INFO sr_scoreboard.sv(77) @ 165: uvm_test_top.env_h.scoreboard_h [write_mon OUT ]  s=1  r=0 ||  q=1 qbar=0
# UVM_INFO sr_scoreboard.sv(45) @ 165: uvm_test_top.env_h.scoreboard_h [write_drv STIM]  s=1  r=0
# UVM_INFO sr_scoreboard.sv(94) @ 165: uvm_test_top.env_h.scoreboard_h [
#  [ PASS ]  s=1  r=0 ||  q=1 qbar=0
# UVM_INFO sr_scoreboard.sv(77) @ 170: uvm_test_top.env_h.scoreboard_h [write_mon OUT ]  s=1  r=0 ||  q=1 qbar=0
# UVM_INFO sr_scoreboard.sv(45) @ 170: uvm_test_top.env_h.scoreboard_h [write_drv STIM]  s=1  r=0
# UVM_INFO sr_scoreboard.sv(94) @ 170: uvm_test_top.env_h.scoreboard_h [
#  [ PASS ]  s=1  r=0 ||  q=1 qbar=0
# UVM_INFO sr_scoreboard.sv(77) @ 175: uvm_test_top.env_h.scoreboard_h [write_mon OUT ]  s=1  r=0 ||  q=1 qbar=0
# UVM_INFO sr_scoreboard.sv(45) @ 175: uvm_test_top.env_h.scoreboard_h [write_drv STIM]  s=1  r=1
# UVM_INFO sr_scoreboard.sv(94) @ 175: uvm_test_top.env_h.scoreboard_h [
#  [ PASS ]  s=1  r=0 ||  q=1 qbar=0
# UVM_INFO sr_scoreboard.sv(77) @ 180: uvm_test_top.env_h.scoreboard_h [write_mon OUT ]  s=1  r=1 ||  q=x qbar=x
# UVM_INFO sr_scoreboard.sv(45) @ 180: uvm_test_top.env_h.scoreboard_h [write_drv STIM]  s=0  r=1
# UVM_INFO sr_scoreboard.sv(94) @ 180: uvm_test_top.env_h.scoreboard_h [
#  [ PASS ]  s=1  r=1 ||  q=x qbar=x
# UVM_INFO sr_scoreboard.sv(77) @ 185: uvm_test_top.env_h.scoreboard_h [write_mon OUT ]  s=0  r=1 ||  q=0 qbar=1
# UVM_INFO sr_scoreboard.sv(45) @ 185: uvm_test_top.env_h.scoreboard_h [write_drv STIM]  s=1  r=0
# UVM_INFO sr_scoreboard.sv(94) @ 185: uvm_test_top.env_h.scoreboard_h [
#  [ PASS ]  s=0  r=1 ||  q=0 qbar=1
# UVM_INFO sr_scoreboard.sv(77) @ 190: uvm_test_top.env_h.scoreboard_h [write_mon OUT ]  s=1  r=0 ||  q=1 qbar=0
# UVM_INFO sr_scoreboard.sv(45) @ 190: uvm_test_top.env_h.scoreboard_h [write_drv STIM]  s=1  r=1
# UVM_INFO sr_scoreboard.sv(94) @ 190: uvm_test_top.env_h.scoreboard_h [
#  [ PASS ]  s=1  r=0 ||  q=1 qbar=0
# UVM_INFO sr_scoreboard.sv(77) @ 195: uvm_test_top.env_h.scoreboard_h [write_mon OUT ]  s=1  r=1 ||  q=x qbar=x
# UVM_INFO sr_scoreboard.sv(45) @ 195: uvm_test_top.env_h.scoreboard_h [write_drv STIM]  s=1  r=0
# UVM_INFO sr_scoreboard.sv(94) @ 195: uvm_test_top.env_h.scoreboard_h [
#  [ PASS ]  s=1  r=1 ||  q=x qbar=x
# UVM_INFO sr_scoreboard.sv(77) @ 200: uvm_test_top.env_h.scoreboard_h [write_mon OUT ]  s=1  r=0 ||  q=1 qbar=0
# UVM_INFO sr_scoreboard.sv(45) @ 200: uvm_test_top.env_h.scoreboard_h [write_drv STIM]  s=0  r=0
# UVM_INFO sr_scoreboard.sv(94) @ 200: uvm_test_top.env_h.scoreboard_h [
#  [ PASS ]  s=1  r=0 ||  q=1 qbar=0
# UVM_INFO sr_scoreboard.sv(77) @ 205: uvm_test_top.env_h.scoreboard_h [write_mon OUT ]  s=0  r=0 ||  q=1 qbar=0
# UVM_INFO sr_scoreboard.sv(45) @ 205: uvm_test_top.env_h.scoreboard_h [write_drv STIM]  s=0  r=0
# UVM_INFO sr_scoreboard.sv(94) @ 205: uvm_test_top.env_h.scoreboard_h [
#  [ PASS ]  s=0  r=0 ||  q=1 qbar=0
# UVM_INFO sr_scoreboard.sv(77) @ 210: uvm_test_top.env_h.scoreboard_h [write_mon OUT ]  s=0  r=0 ||  q=1 qbar=0
# UVM_INFO sr_scoreboard.sv(45) @ 210: uvm_test_top.env_h.scoreboard_h [write_drv STIM]  s=0  r=0
# UVM_INFO sr_scoreboard.sv(94) @ 210: uvm_test_top.env_h.scoreboard_h [
#  [ PASS ]  s=0  r=0 ||  q=1 qbar=0
# UVM_INFO sr_scoreboard.sv(77) @ 215: uvm_test_top.env_h.scoreboard_h [write_mon OUT ]  s=0  r=0 ||  q=1 qbar=0
# UVM_INFO sr_scoreboard.sv(45) @ 215: uvm_test_top.env_h.scoreboard_h [write_drv STIM]  s=1  r=1
# UVM_INFO sr_scoreboard.sv(94) @ 215: uvm_test_top.env_h.scoreboard_h [
#  [ PASS ]  s=0  r=0 ||  q=1 qbar=0
# UVM_INFO sr_scoreboard.sv(77) @ 220: uvm_test_top.env_h.scoreboard_h [write_mon OUT ]  s=1  r=1 ||  q=x qbar=x
# UVM_INFO sr_scoreboard.sv(45) @ 220: uvm_test_top.env_h.scoreboard_h [write_drv STIM]  s=0  r=1
# UVM_INFO sr_scoreboard.sv(94) @ 220: uvm_test_top.env_h.scoreboard_h [
#  [ PASS ]  s=1  r=1 ||  q=x qbar=x
# UVM_INFO sr_scoreboard.sv(77) @ 225: uvm_test_top.env_h.scoreboard_h [write_mon OUT ]  s=0  r=1 ||  q=0 qbar=1
# UVM_INFO sr_scoreboard.sv(45) @ 225: uvm_test_top.env_h.scoreboard_h [write_drv STIM]  s=1  r=1
# UVM_INFO sr_scoreboard.sv(94) @ 225: uvm_test_top.env_h.scoreboard_h [
#  [ PASS ]  s=0  r=1 ||  q=0 qbar=1
# UVM_INFO sr_scoreboard.sv(77) @ 230: uvm_test_top.env_h.scoreboard_h [write_mon OUT ]  s=1  r=1 ||  q=x qbar=x
# UVM_INFO sr_scoreboard.sv(45) @ 230: uvm_test_top.env_h.scoreboard_h [write_drv STIM]  s=0  r=1
# UVM_INFO sr_scoreboard.sv(94) @ 230: uvm_test_top.env_h.scoreboard_h [
#  [ PASS ]  s=1  r=1 ||  q=x qbar=x
# UVM_INFO sr_scoreboard.sv(77) @ 235: uvm_test_top.env_h.scoreboard_h [write_mon OUT ]  s=0  r=1 ||  q=0 qbar=1
# UVM_INFO sr_scoreboard.sv(45) @ 235: uvm_test_top.env_h.scoreboard_h [write_drv STIM]  s=0  r=1
# UVM_INFO sr_scoreboard.sv(94) @ 235: uvm_test_top.env_h.scoreboard_h [
#  [ PASS ]  s=0  r=1 ||  q=0 qbar=1
# UVM_INFO sr_scoreboard.sv(77) @ 240: uvm_test_top.env_h.scoreboard_h [write_mon OUT ]  s=0  r=1 ||  q=0 qbar=1
# UVM_INFO sr_scoreboard.sv(45) @ 240: uvm_test_top.env_h.scoreboard_h [write_drv STIM]  s=1  r=1
# UVM_INFO sr_scoreboard.sv(94) @ 240: uvm_test_top.env_h.scoreboard_h [
#  [ PASS ]  s=0  r=1 ||  q=0 qbar=1
# UVM_INFO sr_scoreboard.sv(77) @ 245: uvm_test_top.env_h.scoreboard_h [write_mon OUT ]  s=1  r=1 ||  q=x qbar=x
# UVM_INFO sr_scoreboard.sv(45) @ 245: uvm_test_top.env_h.scoreboard_h [write_drv STIM]  s=0  r=1
# UVM_INFO sr_scoreboard.sv(94) @ 245: uvm_test_top.env_h.scoreboard_h [
#  [ PASS ]  s=1  r=1 ||  q=x qbar=x
# UVM_INFO sr_scoreboard.sv(77) @ 250: uvm_test_top.env_h.scoreboard_h [write_mon OUT ]  s=0  r=1 ||  q=0 qbar=1
# UVM_INFO sr_scoreboard.sv(45) @ 250: uvm_test_top.env_h.scoreboard_h [write_drv STIM]  s=0  r=0
# UVM_INFO sr_scoreboard.sv(94) @ 250: uvm_test_top.env_h.scoreboard_h [
#  [ PASS ]  s=0  r=1 ||  q=0 qbar=1
# UVM_INFO sr_scoreboard.sv(77) @ 255: uvm_test_top.env_h.scoreboard_h [write_mon OUT ]  s=0  r=0 ||  q=0 qbar=1
# UVM_INFO sr_scoreboard.sv(45) @ 255: uvm_test_top.env_h.scoreboard_h [write_drv STIM]  s=1  r=0
# UVM_INFO sr_scoreboard.sv(94) @ 255: uvm_test_top.env_h.scoreboard_h [
#  [ PASS ]  s=0  r=0 ||  q=0 qbar=1
# UVM_INFO sr_scoreboard.sv(77) @ 260: uvm_test_top.env_h.scoreboard_h [write_mon OUT ]  s=1  r=0 ||  q=1 qbar=0
# UVM_INFO sr_scoreboard.sv(45) @ 260: uvm_test_top.env_h.scoreboard_h [write_drv STIM]  s=0  r=0
# UVM_INFO sr_scoreboard.sv(94) @ 260: uvm_test_top.env_h.scoreboard_h [
#  [ PASS ]  s=1  r=0 ||  q=1 qbar=0
# UVM_INFO sr_scoreboard.sv(77) @ 265: uvm_test_top.env_h.scoreboard_h [write_mon OUT ]  s=0  r=0 ||  q=1 qbar=0
# UVM_INFO sr_scoreboard.sv(45) @ 265: uvm_test_top.env_h.scoreboard_h [write_drv STIM]  s=1  r=0
# UVM_INFO sr_scoreboard.sv(94) @ 265: uvm_test_top.env_h.scoreboard_h [
#  [ PASS ]  s=0  r=0 ||  q=1 qbar=0
# UVM_INFO sr_scoreboard.sv(77) @ 270: uvm_test_top.env_h.scoreboard_h [write_mon OUT ]  s=1  r=0 ||  q=1 qbar=0
# UVM_INFO sr_scoreboard.sv(45) @ 270: uvm_test_top.env_h.scoreboard_h [write_drv STIM]  s=0  r=0
# UVM_INFO sr_scoreboard.sv(94) @ 270: uvm_test_top.env_h.scoreboard_h [
#  [ PASS ]  s=1  r=0 ||  q=1 qbar=0
# UVM_INFO sr_scoreboard.sv(77) @ 275: uvm_test_top.env_h.scoreboard_h [write_mon OUT ]  s=0  r=0 ||  q=1 qbar=0
# UVM_INFO sr_scoreboard.sv(45) @ 275: uvm_test_top.env_h.scoreboard_h [write_drv STIM]  s=1  r=0
# UVM_INFO sr_scoreboard.sv(94) @ 275: uvm_test_top.env_h.scoreboard_h [
#  [ PASS ]  s=0  r=0 ||  q=1 qbar=0
# UVM_INFO sr_scoreboard.sv(77) @ 280: uvm_test_top.env_h.scoreboard_h [write_mon OUT ]  s=1  r=0 ||  q=1 qbar=0
# UVM_INFO sr_scoreboard.sv(45) @ 280: uvm_test_top.env_h.scoreboard_h [write_drv STIM]  s=0  r=0
# UVM_INFO sr_scoreboard.sv(94) @ 280: uvm_test_top.env_h.scoreboard_h [
#  [ PASS ]  s=1  r=0 ||  q=1 qbar=0
# UVM_INFO sr_scoreboard.sv(77) @ 285: uvm_test_top.env_h.scoreboard_h [write_mon OUT ]  s=0  r=0 ||  q=1 qbar=0
# UVM_INFO sr_scoreboard.sv(45) @ 285: uvm_test_top.env_h.scoreboard_h [write_drv STIM]  s=1  r=0
# UVM_INFO sr_scoreboard.sv(94) @ 285: uvm_test_top.env_h.scoreboard_h [
#  [ PASS ]  s=0  r=0 ||  q=1 qbar=0
# UVM_INFO sr_scoreboard.sv(77) @ 290: uvm_test_top.env_h.scoreboard_h [write_mon OUT ]  s=1  r=0 ||  q=1 qbar=0
# UVM_INFO sr_scoreboard.sv(45) @ 290: uvm_test_top.env_h.scoreboard_h [write_drv STIM]  s=0  r=0
# UVM_INFO sr_scoreboard.sv(94) @ 290: uvm_test_top.env_h.scoreboard_h [
#  [ PASS ]  s=1  r=0 ||  q=1 qbar=0
# UVM_INFO sr_scoreboard.sv(77) @ 295: uvm_test_top.env_h.scoreboard_h [write_mon OUT ]  s=0  r=0 ||  q=1 qbar=0
# UVM_INFO sr_scoreboard.sv(45) @ 295: uvm_test_top.env_h.scoreboard_h [write_drv STIM]  s=1  r=0
# UVM_INFO sr_scoreboard.sv(94) @ 295: uvm_test_top.env_h.scoreboard_h [
#  [ PASS ]  s=0  r=0 ||  q=1 qbar=0
# UVM_INFO sr_scoreboard.sv(77) @ 300: uvm_test_top.env_h.scoreboard_h [write_mon OUT ]  s=1  r=0 ||  q=1 qbar=0
# UVM_INFO sr_scoreboard.sv(45) @ 300: uvm_test_top.env_h.scoreboard_h [write_drv STIM]  s=0  r=0
# UVM_INFO sr_scoreboard.sv(94) @ 300: uvm_test_top.env_h.scoreboard_h [
#  [ PASS ]  s=1  r=0 ||  q=1 qbar=0
# UVM_INFO sr_scoreboard.sv(77) @ 305: uvm_test_top.env_h.scoreboard_h [write_mon OUT ]  s=0  r=0 ||  q=1 qbar=0
# UVM_INFO sr_scoreboard.sv(45) @ 305: uvm_test_top.env_h.scoreboard_h [write_drv STIM]  s=1  r=0
# UVM_INFO sr_scoreboard.sv(94) @ 305: uvm_test_top.env_h.scoreboard_h [
#  [ PASS ]  s=0  r=0 ||  q=1 qbar=0
# UVM_INFO sr_scoreboard.sv(77) @ 310: uvm_test_top.env_h.scoreboard_h [write_mon OUT ]  s=1  r=0 ||  q=1 qbar=0
# UVM_INFO sr_scoreboard.sv(45) @ 310: uvm_test_top.env_h.scoreboard_h [write_drv STIM]  s=0  r=0
# UVM_INFO sr_scoreboard.sv(94) @ 310: uvm_test_top.env_h.scoreboard_h [
#  [ PASS ]  s=1  r=0 ||  q=1 qbar=0
# UVM_INFO sr_scoreboard.sv(77) @ 315: uvm_test_top.env_h.scoreboard_h [write_mon OUT ]  s=0  r=0 ||  q=1 qbar=0
# UVM_INFO sr_scoreboard.sv(45) @ 315: uvm_test_top.env_h.scoreboard_h [write_drv STIM]  s=1  r=0
# UVM_INFO sr_scoreboard.sv(94) @ 315: uvm_test_top.env_h.scoreboard_h [
#  [ PASS ]  s=0  r=0 ||  q=1 qbar=0
# UVM_INFO sr_scoreboard.sv(77) @ 320: uvm_test_top.env_h.scoreboard_h [write_mon OUT ]  s=1  r=0 ||  q=1 qbar=0
# UVM_INFO sr_scoreboard.sv(45) @ 320: uvm_test_top.env_h.scoreboard_h [write_drv STIM]  s=0  r=0
# UVM_INFO sr_scoreboard.sv(94) @ 320: uvm_test_top.env_h.scoreboard_h [
#  [ PASS ]  s=1  r=0 ||  q=1 qbar=0
# UVM_INFO sr_scoreboard.sv(77) @ 325: uvm_test_top.env_h.scoreboard_h [write_mon OUT ]  s=0  r=0 ||  q=1 qbar=0
# UVM_INFO sr_scoreboard.sv(45) @ 325: uvm_test_top.env_h.scoreboard_h [write_drv STIM]  s=1  r=0
# UVM_INFO sr_scoreboard.sv(94) @ 325: uvm_test_top.env_h.scoreboard_h [
#  [ PASS ]  s=0  r=0 ||  q=1 qbar=0
# UVM_INFO sr_scoreboard.sv(77) @ 330: uvm_test_top.env_h.scoreboard_h [write_mon OUT ]  s=1  r=0 ||  q=1 qbar=0
# UVM_INFO sr_scoreboard.sv(45) @ 330: uvm_test_top.env_h.scoreboard_h [write_drv STIM]  s=0  r=0
# UVM_INFO sr_scoreboard.sv(94) @ 330: uvm_test_top.env_h.scoreboard_h [
#  [ PASS ]  s=1  r=0 ||  q=1 qbar=0
# UVM_INFO sr_scoreboard.sv(77) @ 335: uvm_test_top.env_h.scoreboard_h [write_mon OUT ]  s=0  r=0 ||  q=1 qbar=0
# UVM_INFO sr_scoreboard.sv(45) @ 335: uvm_test_top.env_h.scoreboard_h [write_drv STIM]  s=1  r=0
# UVM_INFO sr_scoreboard.sv(94) @ 335: uvm_test_top.env_h.scoreboard_h [
#  [ PASS ]  s=0  r=0 ||  q=1 qbar=0
# UVM_INFO sr_scoreboard.sv(77) @ 340: uvm_test_top.env_h.scoreboard_h [write_mon OUT ]  s=1  r=0 ||  q=1 qbar=0
# UVM_INFO sr_scoreboard.sv(45) @ 340: uvm_test_top.env_h.scoreboard_h [write_drv STIM]  s=0  r=0
# UVM_INFO sr_scoreboard.sv(94) @ 340: uvm_test_top.env_h.scoreboard_h [
#  [ PASS ]  s=1  r=0 ||  q=1 qbar=0
# UVM_INFO sr_scoreboard.sv(77) @ 345: uvm_test_top.env_h.scoreboard_h [write_mon OUT ]  s=0  r=0 ||  q=1 qbar=0
# UVM_INFO sr_scoreboard.sv(45) @ 345: uvm_test_top.env_h.scoreboard_h [write_drv STIM]  s=1  r=0
# UVM_INFO sr_scoreboard.sv(94) @ 345: uvm_test_top.env_h.scoreboard_h [
#  [ PASS ]  s=0  r=0 ||  q=1 qbar=0
# UVM_INFO sr_scoreboard.sv(77) @ 350: uvm_test_top.env_h.scoreboard_h [write_mon OUT ]  s=1  r=0 ||  q=1 qbar=0
# UVM_INFO sr_scoreboard.sv(45) @ 350: uvm_test_top.env_h.scoreboard_h [write_drv STIM]  s=0  r=0
# UVM_INFO sr_scoreboard.sv(94) @ 350: uvm_test_top.env_h.scoreboard_h [
#  [ PASS ]  s=1  r=0 ||  q=1 qbar=0
# UVM_INFO sr_scoreboard.sv(77) @ 355: uvm_test_top.env_h.scoreboard_h [write_mon OUT ]  s=0  r=0 ||  q=1 qbar=0
# UVM_INFO sr_scoreboard.sv(45) @ 355: uvm_test_top.env_h.scoreboard_h [write_drv STIM]  s=0  r=1
# UVM_INFO sr_scoreboard.sv(94) @ 355: uvm_test_top.env_h.scoreboard_h [
#  [ PASS ]  s=0  r=0 ||  q=1 qbar=0
# UVM_INFO sr_scoreboard.sv(77) @ 360: uvm_test_top.env_h.scoreboard_h [write_mon OUT ]  s=0  r=1 ||  q=0 qbar=1
# UVM_INFO sr_scoreboard.sv(45) @ 360: uvm_test_top.env_h.scoreboard_h [write_drv STIM]  s=0  r=0
# UVM_INFO sr_scoreboard.sv(94) @ 360: uvm_test_top.env_h.scoreboard_h [
#  [ PASS ]  s=0  r=1 ||  q=0 qbar=1
# UVM_INFO sr_scoreboard.sv(77) @ 365: uvm_test_top.env_h.scoreboard_h [write_mon OUT ]  s=0  r=0 ||  q=0 qbar=1
# UVM_INFO sr_scoreboard.sv(45) @ 365: uvm_test_top.env_h.scoreboard_h [write_drv STIM]  s=0  r=1
# UVM_INFO sr_scoreboard.sv(94) @ 365: uvm_test_top.env_h.scoreboard_h [
#  [ PASS ]  s=0  r=0 ||  q=0 qbar=1
# UVM_INFO sr_scoreboard.sv(77) @ 370: uvm_test_top.env_h.scoreboard_h [write_mon OUT ]  s=0  r=1 ||  q=0 qbar=1
# UVM_INFO sr_scoreboard.sv(45) @ 370: uvm_test_top.env_h.scoreboard_h [write_drv STIM]  s=0  r=0
# UVM_INFO sr_scoreboard.sv(94) @ 370: uvm_test_top.env_h.scoreboard_h [
#  [ PASS ]  s=0  r=1 ||  q=0 qbar=1
# UVM_INFO sr_scoreboard.sv(77) @ 375: uvm_test_top.env_h.scoreboard_h [write_mon OUT ]  s=0  r=0 ||  q=0 qbar=1
# UVM_INFO sr_scoreboard.sv(45) @ 375: uvm_test_top.env_h.scoreboard_h [write_drv STIM]  s=0  r=1
# UVM_INFO sr_scoreboard.sv(94) @ 375: uvm_test_top.env_h.scoreboard_h [
#  [ PASS ]  s=0  r=0 ||  q=0 qbar=1
# UVM_INFO sr_scoreboard.sv(77) @ 380: uvm_test_top.env_h.scoreboard_h [write_mon OUT ]  s=0  r=1 ||  q=0 qbar=1
# UVM_INFO sr_scoreboard.sv(45) @ 380: uvm_test_top.env_h.scoreboard_h [write_drv STIM]  s=0  r=0
# UVM_INFO sr_scoreboard.sv(94) @ 380: uvm_test_top.env_h.scoreboard_h [
#  [ PASS ]  s=0  r=1 ||  q=0 qbar=1
# UVM_INFO sr_scoreboard.sv(77) @ 385: uvm_test_top.env_h.scoreboard_h [write_mon OUT ]  s=0  r=0 ||  q=0 qbar=1
# UVM_INFO sr_scoreboard.sv(45) @ 385: uvm_test_top.env_h.scoreboard_h [write_drv STIM]  s=0  r=1
# UVM_INFO sr_scoreboard.sv(94) @ 385: uvm_test_top.env_h.scoreboard_h [
#  [ PASS ]  s=0  r=0 ||  q=0 qbar=1
# UVM_INFO sr_scoreboard.sv(77) @ 390: uvm_test_top.env_h.scoreboard_h [write_mon OUT ]  s=0  r=1 ||  q=0 qbar=1
# UVM_INFO sr_scoreboard.sv(45) @ 390: uvm_test_top.env_h.scoreboard_h [write_drv STIM]  s=0  r=0
# UVM_INFO sr_scoreboard.sv(94) @ 390: uvm_test_top.env_h.scoreboard_h [
#  [ PASS ]  s=0  r=1 ||  q=0 qbar=1
# UVM_INFO sr_scoreboard.sv(77) @ 395: uvm_test_top.env_h.scoreboard_h [write_mon OUT ]  s=0  r=0 ||  q=0 qbar=1
# UVM_INFO sr_scoreboard.sv(45) @ 395: uvm_test_top.env_h.scoreboard_h [write_drv STIM]  s=0  r=1
# UVM_INFO sr_scoreboard.sv(94) @ 395: uvm_test_top.env_h.scoreboard_h [
#  [ PASS ]  s=0  r=0 ||  q=0 qbar=1
# UVM_INFO sr_scoreboard.sv(77) @ 400: uvm_test_top.env_h.scoreboard_h [write_mon OUT ]  s=0  r=1 ||  q=0 qbar=1
# UVM_INFO sr_scoreboard.sv(45) @ 400: uvm_test_top.env_h.scoreboard_h [write_drv STIM]  s=0  r=0
# UVM_INFO sr_scoreboard.sv(94) @ 400: uvm_test_top.env_h.scoreboard_h [
#  [ PASS ]  s=0  r=1 ||  q=0 qbar=1
# UVM_INFO sr_scoreboard.sv(77) @ 405: uvm_test_top.env_h.scoreboard_h [write_mon OUT ]  s=0  r=0 ||  q=0 qbar=1
# UVM_INFO sr_scoreboard.sv(45) @ 405: uvm_test_top.env_h.scoreboard_h [write_drv STIM]  s=0  r=1
# UVM_INFO sr_scoreboard.sv(94) @ 405: uvm_test_top.env_h.scoreboard_h [
#  [ PASS ]  s=0  r=0 ||  q=0 qbar=1
# UVM_INFO sr_scoreboard.sv(77) @ 410: uvm_test_top.env_h.scoreboard_h [write_mon OUT ]  s=0  r=1 ||  q=0 qbar=1
# UVM_INFO sr_scoreboard.sv(45) @ 410: uvm_test_top.env_h.scoreboard_h [write_drv STIM]  s=0  r=0
# UVM_INFO sr_scoreboard.sv(94) @ 410: uvm_test_top.env_h.scoreboard_h [
#  [ PASS ]  s=0  r=1 ||  q=0 qbar=1
# UVM_INFO sr_scoreboard.sv(77) @ 415: uvm_test_top.env_h.scoreboard_h [write_mon OUT ]  s=0  r=0 ||  q=0 qbar=1
# UVM_INFO sr_scoreboard.sv(45) @ 415: uvm_test_top.env_h.scoreboard_h [write_drv STIM]  s=0  r=1
# UVM_INFO sr_scoreboard.sv(94) @ 415: uvm_test_top.env_h.scoreboard_h [
#  [ PASS ]  s=0  r=0 ||  q=0 qbar=1
# UVM_INFO sr_scoreboard.sv(77) @ 420: uvm_test_top.env_h.scoreboard_h [write_mon OUT ]  s=0  r=1 ||  q=0 qbar=1
# UVM_INFO sr_scoreboard.sv(45) @ 420: uvm_test_top.env_h.scoreboard_h [write_drv STIM]  s=0  r=0
# UVM_INFO sr_scoreboard.sv(94) @ 420: uvm_test_top.env_h.scoreboard_h [
#  [ PASS ]  s=0  r=1 ||  q=0 qbar=1
# UVM_INFO sr_scoreboard.sv(77) @ 425: uvm_test_top.env_h.scoreboard_h [write_mon OUT ]  s=0  r=0 ||  q=0 qbar=1
# UVM_INFO sr_scoreboard.sv(45) @ 425: uvm_test_top.env_h.scoreboard_h [write_drv STIM]  s=0  r=1
# UVM_INFO sr_scoreboard.sv(94) @ 425: uvm_test_top.env_h.scoreboard_h [
#  [ PASS ]  s=0  r=0 ||  q=0 qbar=1
# UVM_INFO sr_scoreboard.sv(77) @ 430: uvm_test_top.env_h.scoreboard_h [write_mon OUT ]  s=0  r=1 ||  q=0 qbar=1
# UVM_INFO sr_scoreboard.sv(45) @ 430: uvm_test_top.env_h.scoreboard_h [write_drv STIM]  s=0  r=0
# UVM_INFO sr_scoreboard.sv(94) @ 430: uvm_test_top.env_h.scoreboard_h [
#  [ PASS ]  s=0  r=1 ||  q=0 qbar=1
# UVM_INFO sr_scoreboard.sv(77) @ 435: uvm_test_top.env_h.scoreboard_h [write_mon OUT ]  s=0  r=0 ||  q=0 qbar=1
# UVM_INFO sr_scoreboard.sv(45) @ 435: uvm_test_top.env_h.scoreboard_h [write_drv STIM]  s=0  r=1
# UVM_INFO sr_scoreboard.sv(94) @ 435: uvm_test_top.env_h.scoreboard_h [
#  [ PASS ]  s=0  r=0 ||  q=0 qbar=1
# UVM_INFO sr_scoreboard.sv(77) @ 440: uvm_test_top.env_h.scoreboard_h [write_mon OUT ]  s=0  r=1 ||  q=0 qbar=1
# UVM_INFO sr_scoreboard.sv(45) @ 440: uvm_test_top.env_h.scoreboard_h [write_drv STIM]  s=0  r=0
# UVM_INFO sr_scoreboard.sv(94) @ 440: uvm_test_top.env_h.scoreboard_h [
#  [ PASS ]  s=0  r=1 ||  q=0 qbar=1
# UVM_INFO sr_scoreboard.sv(77) @ 445: uvm_test_top.env_h.scoreboard_h [write_mon OUT ]  s=0  r=0 ||  q=0 qbar=1
# UVM_INFO sr_scoreboard.sv(45) @ 445: uvm_test_top.env_h.scoreboard_h [write_drv STIM]  s=0  r=1
# UVM_INFO sr_scoreboard.sv(94) @ 445: uvm_test_top.env_h.scoreboard_h [
#  [ PASS ]  s=0  r=0 ||  q=0 qbar=1
# UVM_INFO sr_scoreboard.sv(77) @ 450: uvm_test_top.env_h.scoreboard_h [write_mon OUT ]  s=0  r=1 ||  q=0 qbar=1
# UVM_INFO sr_scoreboard.sv(45) @ 450: uvm_test_top.env_h.scoreboard_h [write_drv STIM]  s=0  r=0
# UVM_INFO sr_scoreboard.sv(94) @ 450: uvm_test_top.env_h.scoreboard_h [
#  [ PASS ]  s=0  r=1 ||  q=0 qbar=1
# UVM_INFO sr_scoreboard.sv(77) @ 455: uvm_test_top.env_h.scoreboard_h [write_mon OUT ]  s=0  r=0 ||  q=0 qbar=1
# UVM_INFO sr_scoreboard.sv(45) @ 455: uvm_test_top.env_h.scoreboard_h [write_drv STIM]  s=1  r=1
# UVM_INFO sr_scoreboard.sv(94) @ 455: uvm_test_top.env_h.scoreboard_h [
#  [ PASS ]  s=0  r=0 ||  q=0 qbar=1
# UVM_INFO sr_scoreboard.sv(77) @ 460: uvm_test_top.env_h.scoreboard_h [write_mon OUT ]  s=1  r=1 ||  q=x qbar=x
# UVM_INFO sr_scoreboard.sv(45) @ 460: uvm_test_top.env_h.scoreboard_h [write_drv STIM]  s=0  r=0
# UVM_INFO sr_scoreboard.sv(94) @ 460: uvm_test_top.env_h.scoreboard_h [
#  [ PASS ]  s=1  r=1 ||  q=x qbar=x
# UVM_INFO sr_scoreboard.sv(77) @ 465: uvm_test_top.env_h.scoreboard_h [write_mon OUT ]  s=0  r=0 ||  q=x qbar=x
# UVM_INFO sr_scoreboard.sv(45) @ 465: uvm_test_top.env_h.scoreboard_h [write_drv STIM]  s=1  r=1
# UVM_INFO sr_scoreboard.sv(94) @ 465: uvm_test_top.env_h.scoreboard_h [
#  [ PASS ]  s=0  r=0 ||  q=x qbar=x
# UVM_INFO sr_scoreboard.sv(77) @ 470: uvm_test_top.env_h.scoreboard_h [write_mon OUT ]  s=1  r=1 ||  q=x qbar=x
# UVM_INFO sr_scoreboard.sv(45) @ 470: uvm_test_top.env_h.scoreboard_h [write_drv STIM]  s=0  r=0
# UVM_INFO sr_scoreboard.sv(94) @ 470: uvm_test_top.env_h.scoreboard_h [
#  [ PASS ]  s=1  r=1 ||  q=x qbar=x
# UVM_INFO sr_scoreboard.sv(77) @ 475: uvm_test_top.env_h.scoreboard_h [write_mon OUT ]  s=0  r=0 ||  q=x qbar=x
# UVM_INFO sr_scoreboard.sv(45) @ 475: uvm_test_top.env_h.scoreboard_h [write_drv STIM]  s=1  r=1
# UVM_INFO sr_scoreboard.sv(94) @ 475: uvm_test_top.env_h.scoreboard_h [
#  [ PASS ]  s=0  r=0 ||  q=x qbar=x
# UVM_INFO sr_scoreboard.sv(77) @ 480: uvm_test_top.env_h.scoreboard_h [write_mon OUT ]  s=1  r=1 ||  q=x qbar=x
# UVM_INFO sr_scoreboard.sv(45) @ 480: uvm_test_top.env_h.scoreboard_h [write_drv STIM]  s=0  r=0
# UVM_INFO sr_scoreboard.sv(94) @ 480: uvm_test_top.env_h.scoreboard_h [
#  [ PASS ]  s=1  r=1 ||  q=x qbar=x
# UVM_INFO sr_scoreboard.sv(77) @ 485: uvm_test_top.env_h.scoreboard_h [write_mon OUT ]  s=0  r=0 ||  q=x qbar=x
# UVM_INFO sr_scoreboard.sv(45) @ 485: uvm_test_top.env_h.scoreboard_h [write_drv STIM]  s=1  r=1
# UVM_INFO sr_scoreboard.sv(94) @ 485: uvm_test_top.env_h.scoreboard_h [
#  [ PASS ]  s=0  r=0 ||  q=x qbar=x
# UVM_INFO sr_scoreboard.sv(77) @ 490: uvm_test_top.env_h.scoreboard_h [write_mon OUT ]  s=1  r=1 ||  q=x qbar=x
# UVM_INFO sr_scoreboard.sv(45) @ 490: uvm_test_top.env_h.scoreboard_h [write_drv STIM]  s=0  r=0
# UVM_INFO sr_scoreboard.sv(94) @ 490: uvm_test_top.env_h.scoreboard_h [
#  [ PASS ]  s=1  r=1 ||  q=x qbar=x
# UVM_INFO sr_scoreboard.sv(77) @ 495: uvm_test_top.env_h.scoreboard_h [write_mon OUT ]  s=0  r=0 ||  q=x qbar=x
# UVM_INFO sr_scoreboard.sv(45) @ 495: uvm_test_top.env_h.scoreboard_h [write_drv STIM]  s=1  r=1
# UVM_INFO sr_scoreboard.sv(94) @ 495: uvm_test_top.env_h.scoreboard_h [
#  [ PASS ]  s=0  r=0 ||  q=x qbar=x
# UVM_INFO sr_scoreboard.sv(77) @ 500: uvm_test_top.env_h.scoreboard_h [write_mon OUT ]  s=1  r=1 ||  q=x qbar=x
# UVM_INFO sr_scoreboard.sv(45) @ 500: uvm_test_top.env_h.scoreboard_h [write_drv STIM]  s=0  r=0
# UVM_INFO sr_scoreboard.sv(94) @ 500: uvm_test_top.env_h.scoreboard_h [
#  [ PASS ]  s=1  r=1 ||  q=x qbar=x
# UVM_INFO sr_scoreboard.sv(77) @ 505: uvm_test_top.env_h.scoreboard_h [write_mon OUT ]  s=0  r=0 ||  q=x qbar=x
# UVM_INFO sr_scoreboard.sv(45) @ 505: uvm_test_top.env_h.scoreboard_h [write_drv STIM]  s=1  r=1
# UVM_INFO sr_scoreboard.sv(94) @ 505: uvm_test_top.env_h.scoreboard_h [
#  [ PASS ]  s=0  r=0 ||  q=x qbar=x
# UVM_INFO sr_scoreboard.sv(77) @ 510: uvm_test_top.env_h.scoreboard_h [write_mon OUT ]  s=1  r=1 ||  q=x qbar=x
# UVM_INFO sr_scoreboard.sv(45) @ 510: uvm_test_top.env_h.scoreboard_h [write_drv STIM]  s=0  r=0
# UVM_INFO sr_scoreboard.sv(94) @ 510: uvm_test_top.env_h.scoreboard_h [
#  [ PASS ]  s=1  r=1 ||  q=x qbar=x
# UVM_INFO sr_scoreboard.sv(77) @ 515: uvm_test_top.env_h.scoreboard_h [write_mon OUT ]  s=0  r=0 ||  q=x qbar=x
# UVM_INFO sr_scoreboard.sv(45) @ 515: uvm_test_top.env_h.scoreboard_h [write_drv STIM]  s=1  r=1
# UVM_INFO sr_scoreboard.sv(94) @ 515: uvm_test_top.env_h.scoreboard_h [
#  [ PASS ]  s=0  r=0 ||  q=x qbar=x
# UVM_INFO sr_scoreboard.sv(77) @ 520: uvm_test_top.env_h.scoreboard_h [write_mon OUT ]  s=1  r=1 ||  q=x qbar=x
# UVM_INFO sr_scoreboard.sv(45) @ 520: uvm_test_top.env_h.scoreboard_h [write_drv STIM]  s=0  r=0
# UVM_INFO sr_scoreboard.sv(94) @ 520: uvm_test_top.env_h.scoreboard_h [
#  [ PASS ]  s=1  r=1 ||  q=x qbar=x
# UVM_INFO sr_scoreboard.sv(77) @ 525: uvm_test_top.env_h.scoreboard_h [write_mon OUT ]  s=0  r=0 ||  q=x qbar=x
# UVM_INFO sr_scoreboard.sv(45) @ 525: uvm_test_top.env_h.scoreboard_h [write_drv STIM]  s=1  r=1
# UVM_INFO sr_scoreboard.sv(94) @ 525: uvm_test_top.env_h.scoreboard_h [
#  [ PASS ]  s=0  r=0 ||  q=x qbar=x
# UVM_INFO sr_scoreboard.sv(77) @ 530: uvm_test_top.env_h.scoreboard_h [write_mon OUT ]  s=1  r=1 ||  q=x qbar=x
# UVM_INFO sr_scoreboard.sv(45) @ 530: uvm_test_top.env_h.scoreboard_h [write_drv STIM]  s=0  r=0
# UVM_INFO sr_scoreboard.sv(94) @ 530: uvm_test_top.env_h.scoreboard_h [
#  [ PASS ]  s=1  r=1 ||  q=x qbar=x
# UVM_INFO sr_scoreboard.sv(77) @ 535: uvm_test_top.env_h.scoreboard_h [write_mon OUT ]  s=0  r=0 ||  q=x qbar=x
# UVM_INFO sr_scoreboard.sv(45) @ 535: uvm_test_top.env_h.scoreboard_h [write_drv STIM]  s=1  r=1
# UVM_INFO sr_scoreboard.sv(94) @ 535: uvm_test_top.env_h.scoreboard_h [
#  [ PASS ]  s=0  r=0 ||  q=x qbar=x
# UVM_INFO sr_scoreboard.sv(77) @ 540: uvm_test_top.env_h.scoreboard_h [write_mon OUT ]  s=1  r=1 ||  q=x qbar=x
# UVM_INFO sr_scoreboard.sv(45) @ 540: uvm_test_top.env_h.scoreboard_h [write_drv STIM]  s=0  r=0
# UVM_INFO sr_scoreboard.sv(94) @ 540: uvm_test_top.env_h.scoreboard_h [
#  [ PASS ]  s=1  r=1 ||  q=x qbar=x
# UVM_INFO sr_scoreboard.sv(77) @ 545: uvm_test_top.env_h.scoreboard_h [write_mon OUT ]  s=0  r=0 ||  q=x qbar=x
# UVM_INFO sr_scoreboard.sv(45) @ 545: uvm_test_top.env_h.scoreboard_h [write_drv STIM]  s=1  r=1
# UVM_INFO sr_scoreboard.sv(94) @ 545: uvm_test_top.env_h.scoreboard_h [
#  [ PASS ]  s=0  r=0 ||  q=x qbar=x
# UVM_INFO sr_scoreboard.sv(77) @ 550: uvm_test_top.env_h.scoreboard_h [write_mon OUT ]  s=1  r=1 ||  q=x qbar=x
# UVM_INFO sr_scoreboard.sv(45) @ 550: uvm_test_top.env_h.scoreboard_h [write_drv STIM]  s=0  r=0
# UVM_INFO sr_scoreboard.sv(94) @ 550: uvm_test_top.env_h.scoreboard_h [
#  [ PASS ]  s=1  r=1 ||  q=x qbar=x
# UVM_INFO sr_scoreboard.sv(77) @ 555: uvm_test_top.env_h.scoreboard_h [write_mon OUT ]  s=0  r=0 ||  q=x qbar=x
# UVM_INFO sr_scoreboard.sv(77) @ 560: uvm_test_top.env_h.scoreboard_h [write_mon OUT ]  s=0  r=0 ||  q=x qbar=x

